<?xml version="1.0" encoding="UTF-8"?>
<testng-results skipped="0" failed="0" ignored="0" total="0" passed="0">
  <reporter-output>
  </reporter-output>
  <suite name="Surefire suite" duration-ms="15864" started-at="2022-11-21T10:19:33 EST" finished-at="2022-11-21T10:19:48 EST">
    <groups>
    </groups>
    <test name="Surefire test" duration-ms="15864" started-at="2022-11-21T10:19:33 EST" finished-at="2022-11-21T10:19:48 EST">
    </test> <!-- Surefire test -->
  </suite> <!-- Surefire suite -->
</testng-results>
